09:05:32,906  INFO ContextLoader:285 - Root WebApplicationContext: initialization started
09:05:33,062  INFO XmlWebApplicationContext:513 - Refreshing Root WebApplicationContext: startup date [Tue Mar 24 09:05:33 CST 2015]; root of context hierarchy
09:05:33,110  INFO XmlBeanDefinitionReader:316 - Loading XML bean definitions from class path resource [beans.xml]
09:05:33,419  INFO PropertyPlaceholderConfigurer:172 - Loading properties file from ServletContext resource [/WEB-INF/jdbc.properties]
09:05:34,077  INFO LocalSessionFactoryBean:713 - Building new Hibernate SessionFactory
09:05:35,070  INFO HibernateTransactionManager:418 - Using DataSource [org.apache.commons.dbcp.BasicDataSource@70aeec74] of Hibernate SessionFactory for HibernateTransactionManager
09:05:35,083  INFO ContextLoader:325 - Root WebApplicationContext: initialization completed in 2174 ms
09:05:35,489  INFO XmlConfigurationProvider:42 - Parsing configuration file [struts-default.xml]
09:05:35,602  INFO XmlConfigurationProvider:42 - Parsing configuration file [struts-plugin.xml]
09:05:35,616  INFO XmlConfigurationProvider:42 - Parsing configuration file [struts.xml]
09:05:35,619  INFO AbstractBeanSelectionProvider:42 - Choosing bean (spring) for (com.opensymphony.xwork2.ObjectFactory)
09:05:35,619  INFO AbstractBeanSelectionProvider:42 - Choosing bean (struts) for (com.opensymphony.xwork2.factory.ActionFactory)
09:05:35,619  INFO AbstractBeanSelectionProvider:42 - Choosing bean (struts) for (com.opensymphony.xwork2.factory.ResultFactory)
09:05:35,620  INFO AbstractBeanSelectionProvider:42 - Choosing bean (struts) for (com.opensymphony.xwork2.factory.ConverterFactory)
09:05:35,620  INFO AbstractBeanSelectionProvider:42 - Choosing bean (struts) for (com.opensymphony.xwork2.factory.InterceptorFactory)
09:05:35,620  INFO AbstractBeanSelectionProvider:42 - Choosing bean (struts) for (com.opensymphony.xwork2.factory.ValidatorFactory)
09:05:35,621  INFO AbstractBeanSelectionProvider:42 - Choosing bean (struts) for (com.opensymphony.xwork2.FileManagerFactory)
09:05:35,621  INFO AbstractBeanSelectionProvider:42 - Choosing bean (struts) for (com.opensymphony.xwork2.conversion.impl.XWorkConverter)
09:05:35,621  INFO AbstractBeanSelectionProvider:42 - Choosing bean (struts) for (com.opensymphony.xwork2.conversion.impl.CollectionConverter)
09:05:35,622  INFO AbstractBeanSelectionProvider:42 - Choosing bean (struts) for (com.opensymphony.xwork2.conversion.impl.ArrayConverter)
09:05:35,622  INFO AbstractBeanSelectionProvider:42 - Choosing bean (struts) for (com.opensymphony.xwork2.conversion.impl.DateConverter)
09:05:35,622  INFO AbstractBeanSelectionProvider:42 - Choosing bean (struts) for (com.opensymphony.xwork2.conversion.impl.NumberConverter)
09:05:35,622  INFO AbstractBeanSelectionProvider:42 - Choosing bean (struts) for (com.opensymphony.xwork2.conversion.impl.StringConverter)
09:05:35,623  INFO AbstractBeanSelectionProvider:42 - Choosing bean (struts) for (com.opensymphony.xwork2.conversion.ConversionPropertiesProcessor)
09:05:35,623  INFO AbstractBeanSelectionProvider:42 - Choosing bean (struts) for (com.opensymphony.xwork2.conversion.ConversionFileProcessor)
09:05:35,623  INFO AbstractBeanSelectionProvider:42 - Choosing bean (struts) for (com.opensymphony.xwork2.conversion.ConversionAnnotationProcessor)
09:05:35,624  INFO AbstractBeanSelectionProvider:42 - Choosing bean (struts) for (com.opensymphony.xwork2.conversion.TypeConverterCreator)
09:05:35,624  INFO AbstractBeanSelectionProvider:42 - Choosing bean (struts) for (com.opensymphony.xwork2.conversion.TypeConverterHolder)
09:05:35,624  INFO AbstractBeanSelectionProvider:42 - Choosing bean (struts) for (com.opensymphony.xwork2.TextProvider)
09:05:35,624  INFO AbstractBeanSelectionProvider:42 - Choosing bean (struts) for (com.opensymphony.xwork2.LocaleProvider)
09:05:35,625  INFO AbstractBeanSelectionProvider:42 - Choosing bean (struts) for (com.opensymphony.xwork2.ActionProxyFactory)
09:05:35,625  INFO AbstractBeanSelectionProvider:42 - Choosing bean (struts) for (com.opensymphony.xwork2.conversion.ObjectTypeDeterminer)
09:05:35,625  INFO AbstractBeanSelectionProvider:42 - Choosing bean (struts) for (org.apache.struts2.dispatcher.mapper.ActionMapper)
09:05:35,625  INFO AbstractBeanSelectionProvider:42 - Choosing bean (jakarta) for (org.apache.struts2.dispatcher.multipart.MultiPartRequest)
09:05:35,626  INFO AbstractBeanSelectionProvider:42 - Choosing bean (struts) for (org.apache.struts2.views.freemarker.FreemarkerManager)
09:05:35,627  INFO AbstractBeanSelectionProvider:42 - Choosing bean (struts) for (org.apache.struts2.components.UrlRenderer)
09:05:35,627  INFO AbstractBeanSelectionProvider:42 - Choosing bean (struts) for (com.opensymphony.xwork2.validator.ActionValidatorManager)
09:05:35,628  INFO AbstractBeanSelectionProvider:42 - Choosing bean (struts) for (com.opensymphony.xwork2.util.ValueStackFactory)
09:05:35,628  INFO AbstractBeanSelectionProvider:42 - Choosing bean (struts) for (com.opensymphony.xwork2.util.reflection.ReflectionProvider)
09:05:35,628  INFO AbstractBeanSelectionProvider:42 - Choosing bean (struts) for (com.opensymphony.xwork2.util.reflection.ReflectionContextFactory)
09:05:35,629  INFO AbstractBeanSelectionProvider:42 - Choosing bean (struts) for (com.opensymphony.xwork2.util.PatternMatcher)
09:05:35,629  INFO AbstractBeanSelectionProvider:42 - Choosing bean (struts) for (org.apache.struts2.dispatcher.StaticContentLoader)
09:05:35,629  INFO AbstractBeanSelectionProvider:42 - Choosing bean (struts) for (com.opensymphony.xwork2.UnknownHandlerManager)
09:05:35,630  INFO AbstractBeanSelectionProvider:42 - Choosing bean (struts) for (org.apache.struts2.views.util.UrlHelper)
09:05:35,630  INFO AbstractBeanSelectionProvider:42 - Choosing bean (struts) for (com.opensymphony.xwork2.util.TextParser)
09:05:35,648  INFO StrutsSpringObjectFactory:42 - Initializing Struts-Spring integration...
09:05:35,648  INFO SpringObjectFactory:42 - Setting autowire strategy to name
09:05:35,649  INFO StrutsSpringObjectFactory:42 - ... initialized Struts-Spring integration successfully
09:05:47,555  INFO XmlWebApplicationContext:873 - Closing Root WebApplicationContext: startup date [Tue Mar 24 09:05:33 CST 2015]; root of context hierarchy
09:05:47,558  INFO LocalSessionFactoryBean:225 - Closing Hibernate SessionFactory
